Arguments: 
  /usr/local/bin/node /opt/homebrew/bin/yarn add -D @types/lodash

PATH: 
  /opt/homebrew/bin:/opt/homebrew/sbin:/usr/local/bin:/usr/bin:/bin:/usr/sbin:/sbin:/usr/local/go/bin:/usr/local/share/dotnet:~/.dotnet/tools:/Library/Apple/usr/bin:/Library/Frameworks/Mono.framework/Versions/Current/Commands:/Users/antares/.sdkman/candidates/java/current/bin:/Users/antares/miniforge3/condabin:/opt/homebrew/bin:/opt/homebrew/sbin:/Users/antares/.cargo/bin:JAVA_HOME_11:/Users/antares/Library/Android/sdk/emulator:/Users/antares/Library/Android/sdk/tools:/Users/antares/Library/Android/sdk/tools/bin:/Users/antares/Library/Android/sdk/platform-tools:/opt/homebrew/opt/scala/idea:JAVA_HOME_11:/Users/antares/Library/Android/sdk/emulator:/Users/antares/Library/Android/sdk/tools:/Users/antares/Library/Android/sdk/tools/bin:/Users/antares/Library/Android/sdk/platform-tools:/opt/homebrew/opt/scala/idea

Yarn version: 
  1.22.18

Node version: 
  16.15.1

Platform: 
  darwin arm64

Trace: 
  Error: ENOENT: no such file or directory, copyfile '/Users/antares/Library/Caches/Yarn/v6/npm-estraverse-4.3.0-398ad3f3c5a24948be7725e83d11a7de28cdbd1d-integrity/node_modules/estraverse/README.md' -> '/Users/antares/Documents/GitHub/Spotify-Music-Recommendation/song_crawler/node_modules/@typescript-eslint/utils/node_modules/estraverse/README.md'

npm manifest: 
  {
    "name": "song_crawler",
    "version": "1.0.0",
    "description": "",
    "main": "index.ts",
    "scripts": {
      "lint": "eslint . --fix",
      "start": "ts-node -r tsconfig-paths/register ./src/index.ts"
    },
    "keywords": [],
    "author": "ANTARES_SEO",
    "license": "ISC",
    "dependencies": {
      "axios": "^0.27.2",
      "csv-stringify": "^6.1.0",
      "date-fns": "^2.28.0",
      "lodash": "^4.17.21",
      "readline-sync": "^1.4.10"
    },
    "devDependencies": {
      "@tsconfig/recommended": "^1.0.1",
      "@types/node": "^17.0.41",
      "@types/readline-sync": "^1.4.4",
      "@typescript-eslint/eslint-plugin": "^5.27.1",
      "@typescript-eslint/parser": "^5.27.1",
      "dotenv": "^16.0.1",
      "eslint": "^8.17.0",
      "prettier": "^2.6.2",
      "ts-node": "^10.8.1",
      "tsconfig-paths": "^4.0.0",
      "typescript": "^4.7.3"
    }
  }

yarn manifest: 
  No manifest

Lockfile: 
  No lockfile
